[32mINFO    [0m hhj:my_log.py:39 ====æ‰€æœ‰ç”¨ä¾‹çš„å‰ç½®æ“ä½œï¼šå¯åŠ¨å¯¹æˆAPP(setUp)====
[32mINFO    [0m hhj:my_log.py:39 _______________D:\JetBrains\PyCharm\PycharmProjects\Duixi_Framework_V1\Common\desired_caps.yaml_________________
[32mINFO    [0m hhj:my_log.py:39 <built-in method values of dict object at 0x0000027999FE6540>
[32mINFO    [0m hhj:my_log.py:39 ****æ­£å¸¸ç”¨ä¾‹â€”â€”æŸ¥çœ‹ç”¨æˆ·åè®®****
[32mINFO    [0m hhj:my_log.py:39 å¼•å¯¼é¡µ_æŸ¥çœ‹ç”¨æˆ·åè®®ç­‰å¾…å…ƒç´ ('accessibility id', 'ã€Šç”¨æˆ·åè®®ã€‹')å¯è§
[32mINFO    [0m hhj:my_log.py:39 ('accessibility id', 'ã€Šç”¨æˆ·åè®®ã€‹')å…ƒç´ ç­‰å¾…ç»“æŸï¼Œç­‰å¾…æ—¶é•¿ä¸ºï¼š0:00:02.136777æ¯«ç§’
[32mINFO    [0m hhj:my_log.py:39 å¼•å¯¼é¡µ_æŸ¥çœ‹ç”¨æˆ·åè®®æŸ¥æ‰¾å…ƒç´ ï¼š('accessibility id', 'ã€Šç”¨æˆ·åè®®ã€‹')
[32mINFO    [0m hhj:my_log.py:39 å¼•å¯¼é¡µ_æŸ¥çœ‹ç”¨æˆ·åè®®_ç‚¹å‡»å…ƒç´ ï¼š('accessibility id', 'ã€Šç”¨æˆ·åè®®ã€‹')
[32mINFO    [0m hhj:my_log.py:39 å¼•å¯¼é¡µ_æŸ¥çœ‹ç”¨æˆ·åè®®ç­‰å¾…å…ƒç´ ('-android uiautomator', 'new UiSelector().descriptionContains("æœåŠ¡")')å¯è§
[32mINFO    [0m hhj:my_log.py:39 ('-android uiautomator', 'new UiSelector().descriptionContains("æœåŠ¡")')å…ƒç´ ç­‰å¾…ç»“æŸï¼Œç­‰å¾…æ—¶é•¿ä¸ºï¼š0:00:00.089281æ¯«ç§’
[32mINFO    [0m hhj:my_log.py:39 å¼•å¯¼é¡µ_æŸ¥çœ‹ç”¨æˆ·åè®®æŸ¥æ‰¾å…ƒç´ ï¼š('-android uiautomator', 'new UiSelector().descriptionContains("æœåŠ¡")')
[32mINFO    [0m hhj:my_log.py:39 åœ¨å¼•å¯¼é¡µ_æŸ¥çœ‹ç”¨æˆ·åè®®ä¸­è·å–('-android uiautomator', 'new UiSelector().descriptionContains("æœåŠ¡")')å…ƒç´ _content-descçš„å±æ€§å€¼
[32mINFO    [0m hhj:my_log.py:39 å¼•å¯¼é¡µ_æŸ¥çœ‹ç”¨æˆ·åè®®æŸ¥æ‰¾å…ƒç´ ï¼š('-android uiautomator', 'new UiSelector().className("android.widget.ImageView")')
[31m[1mERROR   [0m hhj:my_log.py:47 å¼•å¯¼é¡µ_æŸ¥çœ‹ç”¨æˆ·åè®®æŸ¥æ‰¾å…ƒç´ ('-android uiautomator', 'new UiSelector().className("android.widget.ImageView")')å­˜åœ¨å¤±è´¥ï¼ï¼ï¼
Traceback (most recent call last):
  File "D:\JetBrains\PyCharm\PycharmProjects\Duixi_Framework_V1\Common\base_page.py", line 106, in get_element
    return self.driver.find_element(*locator)
  File "d:\python\python38\lib\site-packages\appium\webdriver\webdriver.py", line 279, in find_element
    return self.execute(RemoteCommand.FIND_ELEMENT, {
  File "d:\python\python38\lib\site-packages\selenium\webdriver\remote\webdriver.py", line 321, in execute
    self.error_handler.check_response(response)
  File "d:\python\python38\lib\site-packages\appium\webdriver\errorhandler.py", line 31, in check_response
    raise wde
  File "d:\python\python38\lib\site-packages\appium\webdriver\errorhandler.py", line 26, in check_response
    super().check_response(response)
  File "d:\python\python38\lib\site-packages\selenium\webdriver\remote\errorhandler.py", line 242, in check_response
    raise exception_class(message, screen, stacktrace)
selenium.common.exceptions.NoSuchElementException: Message: An element could not be located on the page using the given search parameters.

[32mINFO    [0m hhj:my_log.py:39 æˆªå–ç½‘é¡µæˆåŠŸï¼Œæ–‡ä»¶è·¯å¾„ä¸ºï¼šD:\JetBrains\PyCharm\PycharmProjects\Duixi_Framework_V1\Outputs\ScreenShots\å¼•å¯¼é¡µ_æŸ¥çœ‹ç”¨æˆ·åè®®_2022-04-06 15-45-09.png
[32mINFO    [0m hhj:my_log.py:39 allureæˆªå–ç½‘é¡µæˆåŠŸï¼Œæ–‡ä»¶è·¯å¾„ä¸ºï¼šå¼•å¯¼é¡µ_æŸ¥çœ‹ç”¨æˆ·åè®®